<?xml version="1.0" encoding="UTF-8"?>
<!-- Generated by org.testng.reporters.JUnitReportReporter -->
<testsuite hostname="MSI" failures="0" tests="10" name="testNG.InnovationCounts" time="0.023" errors="0" timestamp="2022-08-26T22:31:04 IST" skipped="0">
  <testcase classname="testNG.InnovationCounts" name="login" time="0.011"/>
  <system-out/>
  <testcase classname="testNG.InnovationCounts" name="login" time="0.001"/>
  <system-out/>
  <testcase classname="testNG.InnovationCounts" name="login" time="0.001"/>
  <system-out/>
  <testcase classname="testNG.InnovationCounts" name="login" time="0.001"/>
  <system-out/>
  <testcase classname="testNG.InnovationCounts" name="login" time="0.002"/>
  <system-out/>
  <testcase classname="testNG.InnovationCounts" name="login" time="0.001"/>
  <system-out/>
  <testcase classname="testNG.InnovationCounts" name="login" time="0.001"/>
  <system-out/>
  <testcase classname="testNG.InnovationCounts" name="login" time="0.002"/>
  <system-out/>
  <testcase classname="testNG.InnovationCounts" name="login" time="0.001"/>
  <system-out/>
  <testcase classname="testNG.InnovationCounts" name="login" time="0.002"/>
  <system-out/>
</testsuite> <!-- testNG.InnovationCounts -->
