<?xml version="1.0" encoding="UTF-8"?>
<!-- Generated by org.testng.reporters.JUnitReportReporter -->
<testsuite hostname="MSI" failures="0" tests="2" name="testNG.STCM" time="0.003" errors="0" timestamp="2022-08-25T22:31:24 IST" skipped="0">
  <testcase classname="testNG.STCM" name="test" time="0.003"/>
  <system-out/>
  <testcase classname="testNG.STCM" name="test1" time="0.000"/>
  <system-out/>
</testsuite> <!-- testNG.STCM -->
